\# Program start time:     UTC 2026.03.26 01:33:17.515
\# Local time: UTC (UTC+00:00) 2026.03.26 01:33:17.515
\o Program:		@(#)$CDS: virtuoso version 6.1.8-64b 11/15/2022 19:45 (cpgbld01) $
\o Hierarchy:		/usr/local/cadence/IC618/tools.lnx86/dfII/
\o Sub version:		sub-version  IC6.1.8-64b.500.29  (64-bit addresses)
\# Command line:	/usr/local/cadence/IC618/tools/dfII/bin/64bit/virtuoso
\# Host name (type):	nc-asu6-l01.apporto.com (x86_64)
\# Operating system:	Linux 4.18.0-372.19.1.el8_6.x86_64 #1 SMP Mon Jul 18 11:14:02 EDT 2022
\# Linux /etc/issue:	\S
\# Linux /etc/issue:	Kernel \r on an \m
\# X display name (WxH):	:10.0 (1708x847)
\# Available geometry:			TL(0:27) BR(1707:846)
\# X server:			The X.Org Foundation
\# Depth of Visual (Root):	24 (24)
\# Number of Planes Used:	24
\# X version:		11.0 (vendor release 12011000)
\# X resource pool:	base 0x2400000, mask 0x1fffff (2097151), shift 0
\# 			current id 0x0, current max 0x1ffffa (2097146)
\# Max data seg size:	     unlimited
\# Max process size:	     unlimited
\# Initial sbrk value:	        633 MB
\# Available memory:	     58,206 MB
\# System memory:	     63,169 MB
\# Maximum memory size:	     62,658 MB
\# Max mem available:	     58,329 MB
\# Initial memory used:	        122 MB
\#        process size:	      1,837 MB
\# Thread usage limits (effective/default):	maxthreads 5000/5000 maxload 16.00/16.00
\# Qt version:		5.9.1
\# Window Manager:	other
\# User Name:		a22250_asu
\o Working Directory:	nc-asu6-l01.apporto.com:/home/a22250_asu/Analog_IC_Design/cadence618
\# Process Id:		345434
\o 
\o COPYRIGHT (C) 1992-2022  CADENCE DESIGN SYSTEMS INC.  ALL RIGHTS RESERVED.
\o           (C) 1992-2022  UNIX SYSTEMS Laboratories INC.,
\o                          Reproduced with permission.
\o 
\o This Cadence Design Systems program and online documentation are
\o proprietary/confidential information and may be disclosed/used only
\o as authorized in a license agreement controlling such use and disclosure.
\o 
\o           RESTRICTED RIGHTS NOTICE (SHORT FORM)
\o Use/reproduction/disclosure is subject to restriction
\o set forth at FAR 1252.227-19 or its equivalent.
\o Loading geView.cxt 
\o Loading menuBuilder.cxt 
\o Loading schView.cxt 
\o Loading selectSv.cxt 
\o Loading wireEdit.cxt 
\o Loading pte2.cxt 
\o Loading xlUI.cxt 
\o Loading auCore.cxt 
\o Loading vhdl.cxt 
\o Loading seismic.cxt 
\o Loading ci.cxt 
\o Loading ams.cxt 
\o Loading adexlDM.cxt 
\o Loading cpf.cxt 
\o Loading cli.cxt 
\o Loading lp.cxt 
\# [01:33:17.451961] Configured Lic search path (22.01-s002): 5280@enlicense4.eas.asu.edu
\o Virtuoso Framework License (111) was checked out successfully. Total checkout time was 0.25s.
\o Loading NCSU CDK 1.5.1 customizations...
\o loading vars from /usr/local/cadence/NCSU/ncsu-cdk-1.6.0.beta/cdssetup/cdsenv for tool adle
\o loading vars from /usr/local/cadence/NCSU/ncsu-cdk-1.6.0.beta/cdssetup/cdsenv for tool asimenv
\w *WARNING* envSetVal: Can't set the value of variable 'width',
\w 	in tool[.partition] 'asimenv.plotting' - it has not been registered.
\w *WARNING* envSetVal: Can't set the value of variable 'height',
\w 	in tool[.partition] 'asimenv.plotting' - it has not been registered.
\o loading vars from /usr/local/cadence/NCSU/ncsu-cdk-1.6.0.beta/cdssetup/cdsenv for tool ddserv
\o loading vars from /usr/local/cadence/NCSU/ncsu-cdk-1.6.0.beta/cdssetup/cdsenv for tool layout
\o loading vars from /usr/local/cadence/NCSU/ncsu-cdk-1.6.0.beta/cdssetup/cdsenv for tool schematic
\o loading vars from /usr/local/cadence/NCSU/ncsu-cdk-1.6.0.beta/cdssetup/cdsenv for tool ui
\o loading vars from ~/.cdsenv for tool license
\o loading vars from /usr/local/cadence/NCSU/ncsu-cdk-1.6.0.beta/cdssetup/cdsenv for tool adexl
\o loading vars from ~/.cdsenv for tool adexl
\o Loading NCSU SKILL routines...
\# Memory report: using         235 MB, process size 2,037 MB at UTC 2026.03.26 01:33:19.946
\# Available memory:         58,204 MB at UTC 2026.03.26 01:33:40.164
\# Memory report: Maximum memory size now 58,439 MB at UTC 2026.03.26 01:33:40.164
\# Thread usage report: 21 active threads, active load 1.40 at UTC 2026.03.26 01:33:40.164
\o Done loading NCSU_CDK customizations.
\p > 
\# Loading perfDiag...
\# (PerfDiag): Set GDB path to environment variable 'gdbPath' (gdb).
\o Performance Diagnostic tool is installed. You can access PerfDiag from CIW Tools or use the shell command 'cdsPerfDiag -p 345434' to open it when Virtuoso freezes.
\# (PerfDiag): Use backtrace from GLIBC.
\# Thread usage report: 22 active threads, active load 1.40 at UTC 2026.03.26 01:33:50.341
\i ddsServOpen("PMIC_Project2" "Buck_plant_compensated" "adexl" "edit" nil)
\# [01:33:52.143312] Periodic Lic check successful
\# [01:33:52.143393] Feature usage summary:
\# [01:33:52.143393] 111
\o Loading oasis.cxt 
\o Loading dal.cxt 
\o Loading awv.cxt 
\o Loading socket.cxt 
\o Loading analog.cxt 
\o Loading par.cxt 
\o Loading asimenv.cxt 
\o Loading alvs.cxt 
\o Loading caa.cxt 
\o Loading amps.cxt 
\o Loading adexlCore.cxt 
\o Loading adexl.cxt 
\o Loading vdsil.cxt 
\o Loading lx.cxt 
\o Loading lce.cxt 
\o Loading le.cxt 
\o Loading drdEdit.cxt 
\o Loading rte.cxt 
\o Loading te.cxt 
\o Loading schHDL.cxt 
\o WARNING (ADE-1945): Could not get edit lock for the unique number file /home/a22250_asu/Analog_IC_Design/cadence618/.tmp_a22250_asu/.unique_number_0_file, for GUI process command and logs.
\o Reason : cls: Unable to connect to clsbd on host "nc-asu6-l02.apporto.com".
\o Check if clsbd is running on the host. If the host is not valid remove
\o the ".cdslck" lock file. The connect timeout length can be set using
\o the CLS_CLSBD_CONNECT_TIMEOUT environment variable.
\o .
\o Trying the next index.
\o 
\o Loading elec.cxt 
\o Loading vqp.cxt 
\# ADE XL session 'session0' started on Thu Mar 26 01:34:13 2026 
\# Current Window: window(2)
\o Loading simui.cxt 
\o Loading viva.cxt 
\o INFO (TECH-150003): The technology database "NCSU_TechLib_tsmc03" has been automatically
\o updated from revision 226610(DM 0) to revision 227612(DM 3) in virtual memory.
\o Loading spectrei.cxt 
\o Loading devCheck.cxt 
\o Loading relXpert.cxt 
\o WARNING (ADE-7017): The Spectre run mode needs to be 'batch' when EM/IR analysis is enabled. Automatically setting the run mode to 'batch'.
\# Memory report: using         406 MB, process size 2,394 MB at UTC 2026.03.26 01:34:15.120
\o Loading hspiceD.cxt 
\o Loading spectreinl.cxt 
\o Loading msgHandler.cxt 
\o Loading UltraSim.cxt 
\o Loading AMSOSS.cxt 
\o Loading AMS.cxt 
\o Loading cdf.cxt 
\a when(dwindow('axlDataViewessWindow0) hiMapWindow(dwindow('axlDataViewessWindow0)))
\r t
\a when(dwindow('axlRunSummaryessWindow0) hiMapWindow(dwindow('axlRunSummaryessWindow0)))
\r t
\a _axlDataViewSetCurrent(axlDataViewForm0->axlDataViewWidget0 "'(0 0 )" 0)
\r t
\a _axlDataViewSelect(axlDataViewForm0->axlDataViewWidget0 1 "add" "'(0 0 )" 0)
\r t
\a _axlDataViewSelect(axlDataViewForm0->axlDataViewWidget0 1 "add" "'(0 0 )" 1)
\r t
\a _axlDataViewItemClicked(axlDataViewForm0->axlDataViewWidget0 "'(0 0 )" 0)
\r t
\a _axlDataViewItemDoubleClicked(axlDataViewForm0->axlDataViewWidget0 "'(0 0 )" 0)
\r t
\# Current Window: window(3)
\a _axlDataViewItemClicked(axlDataViewForm0->axlDataViewWidget0 "'(0 0 )" 0)
\r t
\a sevTableSelectRows(sevWindowForm1->varListBox 0)
\r t
\a sevTableSelectRows(sevWindowForm1->varListBox nil)
\r t
\# Thread usage report: 23 active threads, active load 1.40 at UTC 2026.03.26 01:34:23.342
\a sevTableSelectRows(sevWindowForm1->varListBox 0)
\r t
\a (sevEditSelectedVars 'sevSession1)
\p > 
\a hiiSetCurrentForm('sevVariablesForm1)
\r t
\a sevVariablesForm1->expression->value="-0.72m"
\r "-0.72m"
\a hiFormDone(sevVariablesForm1)
\a _axlDataViewSelect(axlDataViewForm0->axlDataViewWidget0 1 "remove" "'(0 0 )" 0)
\r t
\a _axlDataViewSelect(axlDataViewForm0->axlDataViewWidget0 1 "remove" "'(0 0 )" 1)
\r t
\o Loading paraplot.cxt 
\r t
\r t
\a sevTableSelectRows(sevWindowForm1->varListBox 1)
\r t
\a sevSetTableItem(sevWindowForm1->varListBox 1 1 "3.8553n")
\r t
\a sevTableSelectRows(sevWindowForm1->varListBox 2)
\r t
\a (sevEditSelectedVars 'sevSession1)
\p > 
\a sevVariablesForm1->expression->value="6.06p"
\r "6.06p"
\a hiFormDone(sevVariablesForm1)
\r t
\r t
\a sevTableSelectRows(sevWindowForm1->varListBox 3)
\r t
\a (sevEditSelectedVars 'sevSession1)
\p > 
\a sevVariablesForm1->expression->value="50n"
\r "50n"
\a hiFormDone(sevVariablesForm1)
\r t
\r t
\a sevTableSelectRows(sevWindowForm1->varListBox 7)
\r t
\a (sevEditSelectedVars 'sevSession1)
\p > 
\a sevVariablesForm1->expression->value="25k"
\r "25k"
\a hiFormDone(sevVariablesForm1)
\r t
\r t
\a sevTableSelectRows(sevWindowForm1->varListBox 8)
\r t
\a (sevEditSelectedVars 'sevSession1)
\p > 
\a sevVariablesForm1->expression->value="1926.72"
\r "1926.72"
\a hiFormDone(sevVariablesForm1)
\r t
\r t
\a sevTableSelectRows(sevWindowForm1->varListBox 6)
\r t
\a (sevEditSelectedVars 'sevSession1)
\p > 
\a sevVariablesForm1->expression->value="0.222"
\r "0.222"
\a hiFormDone(sevVariablesForm1)
\r t
\r t
\a sevNetlistAndRun('sevSession1)
\o INFO (ADEXL-1772): This simulation run should be used only
\o for setup validation because the results might not reflect
\o the actual simulation run in ADE XL.
\o Delete psf data in /home/a22250_asu/cadence/simulation/PMIC_Project2/Buck_plant_compensated/adexl/results/data/.tmpADEDir_a22250_asu/PMIC_Project2:Buck_plant_compensated:1/simulation/Buck_plant_compensated/spectre/schematic/psf.
\o generate netlist...
\o Loading /home/a22250_asu/Analog_IC_Design/cadence618/.simrc file.
\o Loading hnlInit.cxt 
\o Loading seCore.cxt 
\o Begin Incremental Netlisting Mar 26 01:35:16 2026
\o End netlisting Mar 26 01:35:16 2026
\o Loading monte.cxt 
\o 
\o 	The netlist is up to date.
\o 	Time taken to compare the design with netlist:   0.0s
\o       ...successful.
\o compose simulator input file...
\o ERROR (ADE-5704): Variable 'options faultDoSampling' is either not declared or does not exist
\o         for analysis 'tran'.
\o ERROR (ADE-5704): Variable 'options faultInfoAnalysis' is either not declared or does not exist
\o         for analysis 'tran'.
\o ERROR (ADE-5704): Variable 'options faultDoSampling' is either not declared or does not exist
\o         for analysis 'tran'.
\o       ...successful.
\o start simulator if needed...
\o       ...successful.
\o simulate...
\o ERROR (ADE-5704): Variable 'options faultDoSampling' is either not declared or does not exist
\o         for analysis 'tran'.
\o ERROR (ADE-5704): Variable 'options faultDoSampling' is either not declared or does not exist
\o         for analysis 'tran'.
\r t
\o INFO (ADE-3071): Simulation completed successfully.
\o reading simulation data...
\o       ...successful.
\# Current Window: window(4)
\# Current Window: window(5)
\o Loading stats.cxt 
\# Current Window: window(6)
\# Memory report: using         610 MB, process size 3,683 MB at UTC 2026.03.26 01:35:23.341
\a hiResizeWindow(swindow(3) list(213:0 1213:783))
\r t
\a hiCloseWindow(swindow(3))
\r t
\a hiSetCurrentWindow(window(3))
\# Current Window: window(3)
\r t
\a sevTableSelectRows(sevOutForm1->outListBox 3)
\r t
\a sevSetTableItem(sevOutForm1->outListBox 3 2 "true")
\r t
\a sevTableSelectRows(sevOutForm1->outListBox 4)
\r t
\a sevSetTableItem(sevOutForm1->outListBox 4 2 "true")
\r t
\a sevTableSelectRows(sevOutForm1->outListBox 2)
\r t
\a sevSetTableItem(sevOutForm1->outListBox 2 2 "false")
\r t
\a sevTableSelectRows(sevOutForm1->outListBox 1)
\r t
\a sevSetTableItem(sevOutForm1->outListBox 1 2 "false")
\r t
\a sevNetlistAndRun('sevSession1)
\o INFO (ADEXL-1772): This simulation run should be used only
\o for setup validation because the results might not reflect
\o the actual simulation run in ADE XL.
\o Delete psf data in /home/a22250_asu/cadence/simulation/PMIC_Project2/Buck_plant_compensated/adexl/results/data/.tmpADEDir_a22250_asu/PMIC_Project2:Buck_plant_compensated:1/simulation/Buck_plant_compensated/spectre/schematic/psf.
\o generate netlist...
\o Begin Incremental Netlisting Mar 26 01:38:23 2026
\o End netlisting Mar 26 01:38:23 2026
\o 
\o 	The netlist is up to date.
\o 	Time taken to compare the design with netlist:   0.0s
\o       ...successful.
\o compose simulator input file...
\o ERROR (ADE-5704): Variable 'options faultDoSampling' is either not declared or does not exist
\o         for analysis 'tran'.
\o ERROR (ADE-5704): Variable 'options faultInfoAnalysis' is either not declared or does not exist
\o         for analysis 'tran'.
\o ERROR (ADE-5704): Variable 'options faultDoSampling' is either not declared or does not exist
\o         for analysis 'tran'.
\o       ...successful.
\o start simulator if needed...
\o       ...successful.
\o simulate...
\o ERROR (ADE-5704): Variable 'options faultDoSampling' is either not declared or does not exist
\o         for analysis 'tran'.
\o ERROR (ADE-5704): Variable 'options faultDoSampling' is either not declared or does not exist
\o         for analysis 'tran'.
\r t
\o INFO (ADE-3071): Simulation completed successfully.
\o reading simulation data...
\o       ...successful.
\# Current Window: window(7)
\# Current Window: window(8)
\a hiSetCurrentWindow(window(7))
\# Current Window: window(7)
\r t
\a hiCloseWindow(swindow(4))
\# Current Window: window(6)
\r t
\a _hiSetCurrentWinNum(6)
\r t
\a hiSetCurrentWindow(window(3))
\# Current Window: window(3)
\r t
\a sevSetTableItem(sevOutForm1->outListBox 1 2 "true")
\r t
\a sevSetTableItem(sevOutForm1->outListBox 2 2 "true")
\r t
\a sevTableSelectRows(sevOutForm1->outListBox 2)
\r t
\a sevTableSelectRows(sevOutForm1->outListBox 3)
\r t
\a sevSetTableItem(sevOutForm1->outListBox 3 2 "false")
\r t
\a sevTableSelectRows(sevOutForm1->outListBox 4)
\r t
\a sevSetTableItem(sevOutForm1->outListBox 4 2 "false")
\r t
\a sevNetlistAndRun('sevSession1)
\o INFO (ADEXL-1772): This simulation run should be used only
\o for setup validation because the results might not reflect
\o the actual simulation run in ADE XL.
\o Delete psf data in /home/a22250_asu/cadence/simulation/PMIC_Project2/Buck_plant_compensated/adexl/results/data/.tmpADEDir_a22250_asu/PMIC_Project2:Buck_plant_compensated:1/simulation/Buck_plant_compensated/spectre/schematic/psf.
\o generate netlist...
\o Begin Incremental Netlisting Mar 26 01:38:51 2026
\o End netlisting Mar 26 01:38:51 2026
\o 
\o 	The netlist is up to date.
\o 	Time taken to compare the design with netlist:   1.0s
\o       ...successful.
\o compose simulator input file...
\o ERROR (ADE-5704): Variable 'options faultDoSampling' is either not declared or does not exist
\o         for analysis 'tran'.
\o ERROR (ADE-5704): Variable 'options faultInfoAnalysis' is either not declared or does not exist
\o         for analysis 'tran'.
\o ERROR (ADE-5704): Variable 'options faultDoSampling' is either not declared or does not exist
\o         for analysis 'tran'.
\o       ...successful.
\o start simulator if needed...
\o       ...successful.
\o simulate...
\o ERROR (ADE-5704): Variable 'options faultDoSampling' is either not declared or does not exist
\o         for analysis 'tran'.
\o ERROR (ADE-5704): Variable 'options faultDoSampling' is either not declared or does not exist
\o         for analysis 'tran'.
\r t
\o INFO (ADE-3071): Simulation completed successfully.
\o reading simulation data...
\o       ...successful.
\# Current Window: window(9)
\# Current Window: window(10)
\a hiSetCurrentWindow(window(9))
\# Current Window: window(9)
\r t
\a hiResizeWindow(window(6) list(598:9 1113:709))
\r t
\a hiSetCurrentWindow(window(3))
\# Current Window: window(3)
\r t
\a sevTableSelectRows(sevWindowForm1->varListBox 0)
\r t
\a sevSetTableItem(sevWindowForm1->varListBox 0 1 "-1.5m")
\r t
\a sevNetlistAndRun('sevSession1)
\o INFO (ADEXL-1772): This simulation run should be used only
\o for setup validation because the results might not reflect
\o the actual simulation run in ADE XL.
\o Delete psf data in /home/a22250_asu/cadence/simulation/PMIC_Project2/Buck_plant_compensated/adexl/results/data/.tmpADEDir_a22250_asu/PMIC_Project2:Buck_plant_compensated:1/simulation/Buck_plant_compensated/spectre/schematic/psf.
\o generate netlist...
\o Begin Incremental Netlisting Mar 26 01:41:42 2026
\o End netlisting Mar 26 01:41:42 2026
\o 
\o 	The netlist is up to date.
\o 	Time taken to compare the design with netlist:   0.0s
\o       ...successful.
\o compose simulator input file...
\o ERROR (ADE-5704): Variable 'options faultDoSampling' is either not declared or does not exist
\o         for analysis 'tran'.
\o ERROR (ADE-5704): Variable 'options faultInfoAnalysis' is either not declared or does not exist
\o         for analysis 'tran'.
\o ERROR (ADE-5704): Variable 'options faultDoSampling' is either not declared or does not exist
\o         for analysis 'tran'.
\o       ...successful.
\o start simulator if needed...
\o       ...successful.
\o simulate...
\o ERROR (ADE-5704): Variable 'options faultDoSampling' is either not declared or does not exist
\o         for analysis 'tran'.
\o ERROR (ADE-5704): Variable 'options faultDoSampling' is either not declared or does not exist
\o         for analysis 'tran'.
\r t
\o INFO (ADE-3071): Simulation completed successfully.
\o reading simulation data...
\o       ...successful.
\a sevTableSelectRows(sevWindowForm1->varListBox 0)
\r t
\a (sevEditSelectedVars 'sevSession1)
\p > 
\a sevVariablesForm1->expression->value="-50m"
\r "-50m"
\a hiFormDone(sevVariablesForm1)
\r t
\r t
\a sevNetlistAndRun('sevSession1)
\o INFO (ADEXL-1772): This simulation run should be used only
\o for setup validation because the results might not reflect
\o the actual simulation run in ADE XL.
\o Delete psf data in /home/a22250_asu/cadence/simulation/PMIC_Project2/Buck_plant_compensated/adexl/results/data/.tmpADEDir_a22250_asu/PMIC_Project2:Buck_plant_compensated:1/simulation/Buck_plant_compensated/spectre/schematic/psf.
\o generate netlist...
\o Begin Incremental Netlisting Mar 26 01:41:58 2026
\o End netlisting Mar 26 01:41:58 2026
\o 
\o 	The netlist is up to date.
\o 	Time taken to compare the design with netlist:   0.0s
\o       ...successful.
\o compose simulator input file...
\o ERROR (ADE-5704): Variable 'options faultDoSampling' is either not declared or does not exist
\o         for analysis 'tran'.
\o ERROR (ADE-5704): Variable 'options faultInfoAnalysis' is either not declared or does not exist
\o         for analysis 'tran'.
\o ERROR (ADE-5704): Variable 'options faultDoSampling' is either not declared or does not exist
\o         for analysis 'tran'.
\o       ...successful.
\o start simulator if needed...
\o       ...successful.
\o simulate...
\o ERROR (ADE-5704): Variable 'options faultDoSampling' is either not declared or does not exist
\o         for analysis 'tran'.
\o ERROR (ADE-5704): Variable 'options faultDoSampling' is either not declared or does not exist
\o         for analysis 'tran'.
\r t
\o INFO (ADE-3071): Simulation completed successfully.
\o reading simulation data...
\o       ...successful.
\a hiSetCurrentWindow(window(9))
\# Current Window: window(9)
\r t
\a hiSetCurrentWindow(window(3))
\# Current Window: window(3)
\r t
\a (sevEditSelectedVars 'sevSession1)
\p > 
\a sevVariablesForm1->expression->value="-1.5m"
\r "-1.5m"
\a hiFormDone(sevVariablesForm1)
\r t
\r t
\a sevNetlistAndRun('sevSession1)
\o INFO (ADEXL-1772): This simulation run should be used only
\o for setup validation because the results might not reflect
\o the actual simulation run in ADE XL.
\o Delete psf data in /home/a22250_asu/cadence/simulation/PMIC_Project2/Buck_plant_compensated/adexl/results/data/.tmpADEDir_a22250_asu/PMIC_Project2:Buck_plant_compensated:1/simulation/Buck_plant_compensated/spectre/schematic/psf.
\o generate netlist...
\o Begin Incremental Netlisting Mar 26 01:42:14 2026
\o End netlisting Mar 26 01:42:14 2026
\o 
\o 	The netlist is up to date.
\o 	Time taken to compare the design with netlist:   0.0s
\o       ...successful.
\o compose simulator input file...
\o ERROR (ADE-5704): Variable 'options faultDoSampling' is either not declared or does not exist
\o         for analysis 'tran'.
\o ERROR (ADE-5704): Variable 'options faultInfoAnalysis' is either not declared or does not exist
\o         for analysis 'tran'.
\o ERROR (ADE-5704): Variable 'options faultDoSampling' is either not declared or does not exist
\o         for analysis 'tran'.
\o       ...successful.
\o start simulator if needed...
\o       ...successful.
\o simulate...
\o ERROR (ADE-5704): Variable 'options faultDoSampling' is either not declared or does not exist
\o         for analysis 'tran'.
\o ERROR (ADE-5704): Variable 'options faultDoSampling' is either not declared or does not exist
\o         for analysis 'tran'.
\r t
\o INFO (ADE-3071): Simulation completed successfully.
\o reading simulation data...
\o       ...successful.
\a hiSetCurrentWindow(window(9))
\# Current Window: window(9)
\r t
\a hiSetCurrentWindow(window(3))
\# Current Window: window(3)
\r t
\a (sevEditSelectedVars 'sevSession1)
\p > 
\a sevVariablesForm1->expression->value="03m"
\r "03m"
\a hiFormDone(sevVariablesForm1)
\r t
\r t
\a (sevEditSelectedVars 'sevSession1)
\p > 
\a sevVariablesForm1->expression->value="-3m"
\r "-3m"
\a hiFormDone(sevVariablesForm1)
\r t
\r t
\a sevNetlistAndRun('sevSession1)
\o INFO (ADEXL-1772): This simulation run should be used only
\o for setup validation because the results might not reflect
\o the actual simulation run in ADE XL.
\o Delete psf data in /home/a22250_asu/cadence/simulation/PMIC_Project2/Buck_plant_compensated/adexl/results/data/.tmpADEDir_a22250_asu/PMIC_Project2:Buck_plant_compensated:1/simulation/Buck_plant_compensated/spectre/schematic/psf.
\o generate netlist...
\o Begin Incremental Netlisting Mar 26 01:42:26 2026
\o End netlisting Mar 26 01:42:26 2026
\o 
\o 	The netlist is up to date.
\o 	Time taken to compare the design with netlist:   0.0s
\o       ...successful.
\o compose simulator input file...
\o ERROR (ADE-5704): Variable 'options faultDoSampling' is either not declared or does not exist
\o         for analysis 'tran'.
\o ERROR (ADE-5704): Variable 'options faultInfoAnalysis' is either not declared or does not exist
\o         for analysis 'tran'.
\o ERROR (ADE-5704): Variable 'options faultDoSampling' is either not declared or does not exist
\o         for analysis 'tran'.
\o       ...successful.
\o start simulator if needed...
\o       ...successful.
\o simulate...
\o ERROR (ADE-5704): Variable 'options faultDoSampling' is either not declared or does not exist
\o         for analysis 'tran'.
\o ERROR (ADE-5704): Variable 'options faultDoSampling' is either not declared or does not exist
\o         for analysis 'tran'.
\r t
\o INFO (ADE-3071): Simulation completed successfully.
\o reading simulation data...
\o       ...successful.
\a hiSetCurrentWindow(window(9))
\# Current Window: window(9)
\r t
\a hiSetCurrentWindow(window(3))
\# Current Window: window(3)
\r t
\a (sevEditSelectedVars 'sevSession1)
\p > 
\a sevVariablesForm1->expression->value="-720u"
\r "-720u"
\a hiFormDone(sevVariablesForm1)
\r t
\r t
\a sevNetlistAndRun('sevSession1)
\o INFO (ADEXL-1772): This simulation run should be used only
\o for setup validation because the results might not reflect
\o the actual simulation run in ADE XL.
\o Delete psf data in /home/a22250_asu/cadence/simulation/PMIC_Project2/Buck_plant_compensated/adexl/results/data/.tmpADEDir_a22250_asu/PMIC_Project2:Buck_plant_compensated:1/simulation/Buck_plant_compensated/spectre/schematic/psf.
\o generate netlist...
\o Begin Incremental Netlisting Mar 26 01:42:42 2026
\o End netlisting Mar 26 01:42:42 2026
\o 
\o 	The netlist is up to date.
\o 	Time taken to compare the design with netlist:   0.0s
\o       ...successful.
\o compose simulator input file...
\o ERROR (ADE-5704): Variable 'options faultDoSampling' is either not declared or does not exist
\o         for analysis 'tran'.
\o ERROR (ADE-5704): Variable 'options faultInfoAnalysis' is either not declared or does not exist
\o         for analysis 'tran'.
\o ERROR (ADE-5704): Variable 'options faultDoSampling' is either not declared or does not exist
\o         for analysis 'tran'.
\o       ...successful.
\o start simulator if needed...
\o       ...successful.
\o simulate...
\o ERROR (ADE-5704): Variable 'options faultDoSampling' is either not declared or does not exist
\o         for analysis 'tran'.
\o ERROR (ADE-5704): Variable 'options faultDoSampling' is either not declared or does not exist
\o         for analysis 'tran'.
\r t
\o INFO (ADE-3071): Simulation completed successfully.
\o reading simulation data...
\o       ...successful.
\a hiResizeWindow(swindow(2) list(99:0 791:475))
\r t
\a hiCloseWindow(swindow(5))
\r t
\a sevNetlistAndRun('sevSession1)
\o INFO (ADEXL-1772): This simulation run should be used only
\o for setup validation because the results might not reflect
\o the actual simulation run in ADE XL.
\o Delete psf data in /home/a22250_asu/cadence/simulation/PMIC_Project2/Buck_plant_compensated/adexl/results/data/.tmpADEDir_a22250_asu/PMIC_Project2:Buck_plant_compensated:1/simulation/Buck_plant_compensated/spectre/schematic/psf.
\o generate netlist...
\o Begin Incremental Netlisting Mar 26 01:49:17 2026
\o End netlisting Mar 26 01:49:17 2026
\o 
\o 	The netlist is up to date.
\o 	Time taken to compare the design with netlist:   0.0s
\o       ...successful.
\o compose simulator input file...
\o       ...successful.
\o start simulator if needed...
\o       ...successful.
\o simulate...
\o ERROR (ADE-5704): Variable 'options faultDoSampling' is either not declared or does not exist
\o         for analysis 'tran'.
\o ERROR (ADE-5704): Variable 'options faultDoSampling' is either not declared or does not exist
\o         for analysis 'tran'.
\r t
\o INFO (ADE-3071): Simulation completed successfully.
\o reading simulation data...
\o       ...successful.
\# Current Window: window(11)
\# Current Window: window(12)
\a hiResizeWindow(window(6) list(1437:-180 1952:520))
\r t
\a hiSetCurrentWindow(window(11))
\# Current Window: window(11)
\r t
\a _ddtExecuteAction(awvGetCurrentWindow()->vivaSession "pointMarker")
\r t
\a hiCloseWindow(swindow(6))
\# Current Window: window(6)
\r t
\a _hiSetCurrentWinNum(6)
\r t
\a hiSetCurrentWindow(window(2))
\# Current Window: window(2)
\r t
\a (axlSaveSetup)
\o Loading adpServer.cxt 
\r t
\a hiCloseWindow(swindow(1))
\# ADE XL session 'session0' closed on Thu Mar 26 01:52:50 2026 
\r t
\a hiQuit()
\# Displaying modal dbox "hiQuitDBox", title "Quit"
\p > 
\a hiDBoxOK(hiQuitDBox)
\r t
\o 
\# Lic Summary:
\# [01:52:57.065736] Cdslmd servers: enlicense4
\# [01:52:57.065738] Feature usage summary:
\# [01:52:57.065739] 111
\# Memory report: on exit            591 MB, process size 3,656 MB at UTC 2026.03.26 01:52:57.065
\# Memory report: peak usage         687 MB, process size 3,761 MB
